{"message":"server started at the port: 8089","level":"info","service":"user-service"}
{"message":"connected to mongoDB server","level":"info","service":"user-service"}
{"message":"::1 - - [28/Oct/2019:09:03:25 +0000] \"OPTIONS /api/cpu/latestData HTTP/1.1\" 204 0 \"http://localhost:4200/special\" \"Mozilla/5.0 (Windows NT 10.0; WOW64) AppleWebKit/537.36 (KHTML, like Gecko) Chrome/78.0.3904.70 Safari/537.36\"\n","level":"info","service":"user-service"}
{"message":"::1 - - [28/Oct/2019:09:03:25 +0000] \"GET /api/cpu/latestData HTTP/1.1\" 401 - \"http://localhost:4200/special\" \"Mozilla/5.0 (Windows NT 10.0; WOW64) AppleWebKit/537.36 (KHTML, like Gecko) Chrome/78.0.3904.70 Safari/537.36\"\n","level":"info","service":"user-service"}
{"message":"::1 - - [28/Oct/2019:09:05:05 +0000] \"OPTIONS /api/users/login HTTP/1.1\" 204 0 \"http://localhost:4200/login\" \"Mozilla/5.0 (Windows NT 10.0; WOW64) AppleWebKit/537.36 (KHTML, like Gecko) Chrome/78.0.3904.70 Safari/537.36\"\n","level":"info","service":"user-service"}
{"message":"::1 - - [28/Oct/2019:09:05:07 +0000] \"POST /api/users/login HTTP/1.1\" 200 319 \"http://localhost:4200/login\" \"Mozilla/5.0 (Windows NT 10.0; WOW64) AppleWebKit/537.36 (KHTML, like Gecko) Chrome/78.0.3904.70 Safari/537.36\"\n","level":"info","service":"user-service"}
{"message":"::1 - - [28/Oct/2019:09:05:07 +0000] \"OPTIONS /api/cpu/latestData HTTP/1.1\" 204 0 \"http://localhost:4200/special\" \"Mozilla/5.0 (Windows NT 10.0; WOW64) AppleWebKit/537.36 (KHTML, like Gecko) Chrome/78.0.3904.70 Safari/537.36\"\n","level":"info","service":"user-service"}
{"message":"::1 - - [28/Oct/2019:09:05:08 +0000] \"GET /api/cpu/latestData HTTP/1.1\" 200 1045 \"http://localhost:4200/special\" \"Mozilla/5.0 (Windows NT 10.0; WOW64) AppleWebKit/537.36 (KHTML, like Gecko) Chrome/78.0.3904.70 Safari/537.36\"\n","level":"info","service":"user-service"}
{"message":{"_id":"5db6afc8bdeee2303434a618","freeMemory":392859648,"systemUpTime":961264,"systemAverageSpeed":2496,"systemCPUUtilization":16,"date":"2019-10-28T09:07:20.428Z","__v":0},"level":"info","service":"user-service"}
{"message":{"_id":"5db6afcdbdeee2303434a619","freeMemory":386146304,"systemUpTime":961269,"systemAverageSpeed":2496,"systemCPUUtilization":54,"date":"2019-10-28T09:07:25.061Z","__v":0},"level":"info","service":"user-service"}
{"message":{"_id":"5db6afd2bdeee2303434a61a","freeMemory":341737472,"systemUpTime":961274,"systemAverageSpeed":2496,"systemCPUUtilization":75,"date":"2019-10-28T09:07:30.262Z","__v":0},"level":"info","service":"user-service"}
{"message":{"_id":"5db6afd7bdeee2303434a61b","freeMemory":345075712,"systemUpTime":961279,"systemAverageSpeed":2496,"systemCPUUtilization":90,"date":"2019-10-28T09:07:35.596Z","__v":0},"level":"info","service":"user-service"}
{"message":{"_id":"5db6afdcbdeee2303434a61c","freeMemory":337260544,"systemUpTime":961284,"systemAverageSpeed":2496,"systemCPUUtilization":100,"date":"2019-10-28T09:07:40.211Z","__v":0},"level":"info","service":"user-service"}
{"message":{"_id":"5db6afe1bdeee2303434a61d","freeMemory":366346240,"systemUpTime":961289,"systemAverageSpeed":2496,"systemCPUUtilization":53,"date":"2019-10-28T09:07:45.441Z","__v":0},"level":"info","service":"user-service"}
{"message":{"_id":"5db6afe6bdeee2303434a61e","freeMemory":319913984,"systemUpTime":961294,"systemAverageSpeed":2496,"systemCPUUtilization":14,"date":"2019-10-28T09:07:50.497Z","__v":0},"level":"info","service":"user-service"}
{"message":"::1 - - [28/Oct/2019:09:11:48 +0000] \"OPTIONS /api/cpu/latestData HTTP/1.1\" 204 0 \"http://localhost:4200/special\" \"Mozilla/5.0 (Windows NT 10.0; WOW64) AppleWebKit/537.36 (KHTML, like Gecko) Chrome/78.0.3904.70 Safari/537.36\"\n","level":"info","service":"user-service"}
{"message":"::1 - - [28/Oct/2019:09:11:48 +0000] \"GET /api/cpu/latestData HTTP/1.1\" 200 1742 \"http://localhost:4200/special\" \"Mozilla/5.0 (Windows NT 10.0; WOW64) AppleWebKit/537.36 (KHTML, like Gecko) Chrome/78.0.3904.70 Safari/537.36\"\n","level":"info","service":"user-service"}
{"message":{"_id":"5db6b103bdeee2303434a61f","freeMemory":460230656,"systemUpTime":961580,"systemAverageSpeed":2496,"systemCPUUtilization":69,"date":"2019-10-28T09:12:35.597Z","__v":0},"level":"info","service":"user-service"}
{"message":{"_id":"5db6b108bdeee2303434a620","freeMemory":484306944,"systemUpTime":961584,"systemAverageSpeed":2496,"systemCPUUtilization":95,"date":"2019-10-28T09:12:40.224Z","__v":0},"level":"info","service":"user-service"}
{"message":{"_id":"5db6b10dbdeee2303434a621","freeMemory":475492352,"systemUpTime":961589,"systemAverageSpeed":2496,"systemCPUUtilization":40,"date":"2019-10-28T09:12:45.300Z","__v":0},"level":"info","service":"user-service"}
{"message":{"_id":"5db6b112bdeee2303434a622","freeMemory":479387648,"systemUpTime":961594,"systemAverageSpeed":2496,"systemCPUUtilization":75,"date":"2019-10-28T09:12:50.301Z","__v":0},"level":"info","service":"user-service"}
{"message":{"_id":"5db6b117bdeee2303434a623","freeMemory":453029888,"systemUpTime":961599,"systemAverageSpeed":2496,"systemCPUUtilization":25,"date":"2019-10-28T09:12:55.724Z","__v":0},"level":"info","service":"user-service"}
{"message":{"_id":"5db6b11cbdeee2303434a624","freeMemory":412147712,"systemUpTime":961604,"systemAverageSpeed":2496,"systemCPUUtilization":64,"date":"2019-10-28T09:13:00.628Z","__v":0},"level":"info","service":"user-service"}
{"message":{"_id":"5db6b121bdeee2303434a625","freeMemory":412901376,"systemUpTime":961609,"systemAverageSpeed":2496,"systemCPUUtilization":11,"date":"2019-10-28T09:13:05.511Z","__v":0},"level":"info","service":"user-service"}
{"message":{"_id":"5db6b126bdeee2303434a626","freeMemory":413495296,"systemUpTime":961615,"systemAverageSpeed":2496,"systemCPUUtilization":18,"date":"2019-10-28T09:13:10.420Z","__v":0},"level":"info","service":"user-service"}
{"message":{"_id":"5db6b12bbdeee2303434a627","freeMemory":400748544,"systemUpTime":961620,"systemAverageSpeed":2496,"systemCPUUtilization":90,"date":"2019-10-28T09:13:15.573Z","__v":0},"level":"info","service":"user-service"}
{"message":{"_id":"5db6b130bdeee2303434a628","freeMemory":385269760,"systemUpTime":961625,"systemAverageSpeed":2496,"systemCPUUtilization":89,"date":"2019-10-28T09:13:20.526Z","__v":0},"level":"info","service":"user-service"}
{"message":{"_id":"5db6b135bdeee2303434a629","freeMemory":343801856,"systemUpTime":961630,"systemAverageSpeed":2496,"systemCPUUtilization":5,"date":"2019-10-28T09:13:25.624Z","__v":0},"level":"info","service":"user-service"}
{"message":{"_id":"5db6b13abdeee2303434a62a","freeMemory":367214592,"systemUpTime":961635,"systemAverageSpeed":2496,"systemCPUUtilization":10,"date":"2019-10-28T09:13:30.602Z","__v":0},"level":"info","service":"user-service"}
{"message":{"_id":"5db6b140bdeee2303434a62b","freeMemory":373886976,"systemUpTime":961640,"systemAverageSpeed":2496,"systemCPUUtilization":50,"date":"2019-10-28T09:13:36.212Z","__v":0},"level":"info","service":"user-service"}
{"message":{"_id":"5db6b145bdeee2303434a62c","freeMemory":368218112,"systemUpTime":961645,"systemAverageSpeed":2496,"systemCPUUtilization":98,"date":"2019-10-28T09:13:41.237Z","__v":0},"level":"info","service":"user-service"}
{"message":{"_id":"5db6b14abdeee2303434a62d","freeMemory":352235520,"systemUpTime":961650,"systemAverageSpeed":2496,"systemCPUUtilization":31,"date":"2019-10-28T09:13:46.197Z","__v":0},"level":"info","service":"user-service"}
{"message":{"_id":"5db6b14fbdeee2303434a62e","freeMemory":359743488,"systemUpTime":961655,"systemAverageSpeed":2496,"systemCPUUtilization":90,"date":"2019-10-28T09:13:51.335Z","__v":0},"level":"info","service":"user-service"}
{"message":{"_id":"5db6b154bdeee2303434a62f","freeMemory":347222016,"systemUpTime":961660,"systemAverageSpeed":2496,"systemCPUUtilization":6,"date":"2019-10-28T09:13:56.608Z","__v":0},"level":"info","service":"user-service"}
